<?xml version="1.0" encoding="UTF-8"?>
<!-- Generated by org.testng.reporters.JUnitReportReporter -->
<testsuite hostname="LAINPU1502-0130" name="com.sntps.acdc.post.CTTest" tests="1" failures="0" timestamp="8 Aug 2019 07:45:04 GMT" time="0.000" errors="0">
  <testcase name="contentStructuringRequest" time="0.000" classname="com.sntps.acdc.post.CTTest"/>
</testsuite> <!-- com.sntps.acdc.post.CTTest -->
