<?xml version="1.0" encoding="UTF-8"?>
<!-- Generated by org.testng.reporters.JUnitReportReporter -->
<testsuite hostname="LAINPU1502-0130" name="com.sntps.acdc.post.XMLTest" tests="1" failures="0" timestamp="8 Aug 2019 07:45:04 GMT" time="0.020" errors="0">
  <testcase name="xmlTransformationRequest" time="0.020" classname="com.sntps.acdc.post.XMLTest"/>
</testsuite> <!-- com.sntps.acdc.post.XMLTest -->
