<?xml version="1.0" encoding="UTF-8"?>
<!-- Generated by org.testng.reporters.JUnitReportReporter -->
<testsuite hostname="LAINPU1502-0130" name="com.sntps.acdc.post.VASTest" tests="1" failures="0" timestamp="8 Aug 2019 07:45:04 GMT" time="0.011" errors="0">
  <testcase name="vasRequest" time="0.011" classname="com.sntps.acdc.post.VASTest"/>
</testsuite> <!-- com.sntps.acdc.post.VASTest -->
