<?xml version="1.0" encoding="UTF-8"?>
<!-- Generated by org.testng.reporters.JUnitReportReporter -->
<testsuite hostname="LAINPU1502-0130" name="com.sntps.acdc.post.ApacheMultipartTest" tests="1" failures="0" timestamp="8 Aug 2019 08:42:20 GMT" time="241.784" errors="1">
  <testcase name="packageServiceRequest" time="241.784" classname="com.sntps.acdc.post.ApacheMultipartTest">
    <error type="junit.framework.AssertionFailedError">
      <![CDATA[junit.framework.AssertionFailedError
	at junit.framework.Assert.fail(Assert.java:47)
	at junit.framework.Assert.assertTrue(Assert.java:20)
	at junit.framework.Assert.assertTrue(Assert.java:27)
	at com.sntps.acdc.get.PackageServiceGetCalls.packageServiceGetCalls(PackageServiceGetCalls.java:148)
	at com.sntps.acdc.post.CMSPostRequestThread.callingMethodsAsPer_Routes(CMSPostRequestThread.java:200)
	at com.sntps.acdc.post.CMSPostRequestThread.createExecuteHTTPRequestPackageServicePost(CMSPostRequestThread.java:186)
	at com.sntps.acdc.post.CMSPostRequestThread.createRequestPkgService(CMSPostRequestThread.java:116)
	at com.sntps.acdc.post.CMSPostRequestThread.run(CMSPostRequestThread.java:97)
	at com.sntps.acdc.post.ApacheMultipartTest.packageServiceRequest(ApacheMultipartTest.java:26)
	at sun.reflect.NativeMethodAccessorImpl.invoke0(Native Method)
	at sun.reflect.NativeMethodAccessorImpl.invoke(Unknown Source)
	at sun.reflect.DelegatingMethodAccessorImpl.invoke(Unknown Source)
	at java.lang.reflect.Method.invoke(Unknown Source)
	at org.testng.internal.MethodInvocationHelper.invokeMethod(MethodInvocationHelper.java:86)
	at org.testng.internal.Invoker.invokeMethod(Invoker.java:643)
	at org.testng.internal.Invoker.invokeTestMethod(Invoker.java:820)
	at org.testng.internal.Invoker.invokeTestMethods(Invoker.java:1128)
	at org.testng.internal.TestMethodWorker.invokeTestMethods(TestMethodWorker.java:129)
	at org.testng.internal.TestMethodWorker.run(TestMethodWorker.java:112)
	at org.testng.TestRunner.privateRun(TestRunner.java:782)
	at org.testng.TestRunner.run(TestRunner.java:632)
	at org.testng.SuiteRunner.runTest(SuiteRunner.java:366)
	at org.testng.SuiteRunner.runSequentially(SuiteRunner.java:361)
	at org.testng.SuiteRunner.privateRun(SuiteRunner.java:319)
	at org.testng.SuiteRunner.run(SuiteRunner.java:268)
	at org.testng.SuiteRunnerWorker.runSuite(SuiteRunnerWorker.java:52)
	at org.testng.SuiteRunnerWorker.run(SuiteRunnerWorker.java:86)
	at org.testng.TestNG.runSuitesSequentially(TestNG.java:1244)
	at org.testng.TestNG.runSuitesLocally(TestNG.java:1169)
	at org.testng.TestNG.run(TestNG.java:1064)
	at org.testng.remote.AbstractRemoteTestNG.run(AbstractRemoteTestNG.java:114)
	at org.testng.remote.RemoteTestNG.initAndRun(RemoteTestNG.java:251)
	at org.testng.remote.RemoteTestNG.main(RemoteTestNG.java:77)
]]>
    </error>
  </testcase> <!-- packageServiceRequest -->
</testsuite> <!-- com.sntps.acdc.post.ApacheMultipartTest -->
